<?xml version="1.0" encoding="UTF-8"?>
<beans xmlns="http://www.springframework.org/schema/beans"
       xmlns:xsi="http://www.w3.org/2001/XMLSchema-instance"
       xmlns:context="http://www.springframework.org/schema/context"
       xmlns:mybatis-spring="http://mybatis.org/schema/mybatis-spring"
       xsi:schemaLocation="http://www.springframework.org/schema/beans http://www.springframework.org/schema/beans/spring-beans.xsd http://www.springframework.org/schema/context http://www.springframework.org/schema/context/spring-context.xsd
                            http://mybatis.org/schema/mybatis-spring http://mybatis.org/schema/mybatis-spring-1.2.xsd">


    <bean id="hikariConfig" class="com.zaxxer.hikari.HikariConfig">
        <property name="driverClassName" value="net.sf.log4jdbc.sql.jdbcapi.DriverSpy"></property>
        <property name="jdbcUrl" value="jdbc:log4jdbc:mysql://127.0.0.1/test_thearc"></property>
        <property name="username" value="test_thearc"></property>
        <property name="password" value="test_thearc"></property>
    </bean>

    <bean id="dataSource" class="com.zaxxer.hikari.HikariDataSource" destroy-method="close">
        <constructor-arg ref="hikariConfig" />
    </bean>

    <bean id="sqlSessionFactory" class="org.mybatis.spring.SqlSessionFactoryBean">
        <property name="dataSource" ref="dataSource" />
        <property name="configLocation" value="classpath:/mybatis-config.xml"></property>
        <property name="mapperLocations" value="classpath:com/thearc/mapper/**/*Mapper.xml"></property>
    </bean>

    <bean id="sqlSession" class="org.mybatis.spring.SqlSessionTemplate"
          destroy-method="clearCache">
        <constructor-arg name="sqlSessionFactory" ref="sqlSessionFactory"></constructor-arg>
    </bean>


    <bean id="ipAddress" class="java.lang.String">
        <constructor-arg value="#{config.ipAddress}">
        </constructor-arg>
    </bean>

    <context:component-scan base-package="com.thearc.service"></context:component-scan>
    <mybatis-spring:scan base-package="com.thearc.mapper"></mybatis-spring:scan>


</beans>